{"timestamp": "2026-05-29T20:18:35.932404", "level": "INFO", "message": "日志系统初始化完成"}
{"timestamp": "2026-05-29T20:18:35.932460", "level": "INFO", "message": "=================================================="}
{"timestamp": "2026-05-29T20:18:35.932483", "level": "INFO", "message": "QQ机器人启动中..."}
{"timestamp": "2026-05-29T20:18:35.932499", "level": "INFO", "message": "=================================================="}
{"timestamp": "2026-05-29T20:18:35.932513", "level": "INFO", "message": "加载关注列表成功，共 3 个用户"}
{"timestamp": "2026-05-29T20:18:35.932663", "level": "INFO", "message": "消息处理器初始化完成", "extra": {"messages_dir": "messages", "configs_dir": "configs", "follows_count": 3}}
{"timestamp": "2026-05-29T20:18:35.932881", "level": "INFO", "message": "启动WebSocket服务器，监听 0.0.0.0:9001"}
{"timestamp": "2026-05-29T20:18:35.946385", "level": "INFO", "message": "服务器已启动，监听 0.0.0.0:9001"}
{"timestamp": "2026-05-29T20:18:35.946422", "level": "INFO", "message": "Token: napcat_token_070421"}
{"timestamp": "2026-05-29T20:18:35.946441", "level": "INFO", "message": "服务器启动统计信息", "extra": {"total_follows": 3, "cached_users": 0, "last_save": "2026-05-29 20:18:35"}}
{"timestamp": "2026-05-29T20:18:45.870125", "level": "INFO", "message": "NapCat WebSocket连接已建立"}
{"timestamp": "2026-05-29T20:18:45.870529", "level": "DEBUG", "message": "收到原始消息", "extra": {"raw_message": "{\"time\":1780057125,\"self_id\":3952055354,\"post_type\":\"meta_event\",\"meta_event_type\":\"lifecycle\",\"sub_type\":\"connect\"}"}}
{"timestamp": "2026-05-29T20:18:45.870563", "level": "INFO", "message": "收到未知类型消息: unknown", "extra": {"message_type": "unknown", "user_id": "unknown", "group_id": "private", "raw_message": ""}}
{"timestamp": "2026-05-29T20:18:45.870582", "level": "WARNING", "message": "未知消息类型: None"}
{"timestamp": "2026-05-29T20:19:00.899236", "level": "DEBUG", "message": "收到原始消息", "extra": {"raw_message": "{\"time\":1780057140,\"self_id\":3952055354,\"post_type\":\"meta_event\",\"meta_event_type\":\"heartbeat\",\"status\":{\"online\":true,\"good\":true},\"interval\":30000}"}}
{"timestamp": "2026-05-29T20:19:00.899301", "level": "INFO", "message": "收到未知类型消息: unknown", "extra": {"message_type": "unknown", "user_id": "unknown", "group_id": "private", "raw_message": ""}}
{"timestamp": "2026-05-29T20:19:00.899336", "level": "WARNING", "message": "未知消息类型: None"}
{"timestamp": "2026-05-29T20:19:08.268115", "level": "DEBUG", "message": "收到原始消息", "extra": {"raw_message": "{\"self_id\":3952055354,\"user_id\":3338366373,\"time\":1780057147,\"message_id\":1295282186,\"message_seq\":1295282186,\"real_id\":1295282186,\"real_seq\":\"23\",\"message_type\":\"private\",\"sender\":{\"user_id\":33383663"}}
{"timestamp": "2026-05-29T20:19:08.268227", "level": "INFO", "message": "收到私聊消息: 测试 (用户: 3338366373)", "extra": {"message_type": "private", "user_id": 3338366373, "group_id": 459134559, "raw_message": "测试"}}
{"timestamp": "2026-05-29T20:19:08.268309", "level": "INFO", "message": "收到非指令私聊消息: 3338366373: 测试"}
{"timestamp": "2026-05-29T20:19:08.268356", "level": "INFO", "message": "执行指令: 非指令消息 (用户: 3338366373)", "extra": {"command": "非指令消息", "user_id": "3338366373", "result": "提示可用指令"}}
{"timestamp": "2026-05-29T20:19:08.268646", "level": "INFO", "message": "发送回复给用户 3338366373", "extra": {"response": "可用指令：\n\n/register - 关注当前用户，开始统计您的群聊消息\n/select   - 查询您最近7天在各群聊的消息数量\n/help     - 显示此帮助信息\n\n说明：\n1. 发送 /re"}}
{"timestamp": "2026-05-29T20:19:08.641894", "level": "DEBUG", "message": "收到原始消息", "extra": {"raw_message": "{\"status\":\"ok\",\"retcode\":0,\"data\":{\"message_id\":948462707},\"message\":\"\",\"wording\":\"\",\"echo\":\"\",\"stream\":\"normal-action\"}"}}
{"timestamp": "2026-05-29T20:19:08.641971", "level": "INFO", "message": "收到未知类型消息: unknown", "extra": {"message_type": "unknown", "user_id": "unknown", "group_id": "private", "raw_message": ""}}
{"timestamp": "2026-05-29T20:19:08.642020", "level": "WARNING", "message": "未知消息类型: None"}
{"timestamp": "2026-05-29T20:19:19.279070", "level": "DEBUG", "message": "收到原始消息", "extra": {"raw_message": "{\"self_id\":3952055354,\"user_id\":3338366373,\"time\":1780057158,\"message_id\":1938691720,\"message_seq\":1938691720,\"real_id\":1938691720,\"real_seq\":\"25\",\"message_type\":\"private\",\"sender\":{\"user_id\":33383663"}}
{"timestamp": "2026-05-29T20:19:19.279233", "level": "INFO", "message": "收到私聊指令: /select (用户: 3338366373)", "extra": {"message_type": "private", "user_id": 3338366373, "group_id": 459134559, "raw_message": "/select"}}
{"timestamp": "2026-05-29T20:19:19.280124", "level": "INFO", "message": "执行指令: /select (用户: 3338366373)", "extra": {"command": "/select", "user_id": "3338366373", "result": "2026-05-29\n  小阳人、Yr、。  消息数：1"}}
{"timestamp": "2026-05-29T20:19:19.280553", "level": "INFO", "message": "发送回复给用户 3338366373", "extra": {"response": "2026-05-29\n  小阳人、Yr、。  消息数：1"}}
{"timestamp": "2026-05-29T20:19:19.652979", "level": "DEBUG", "message": "收到原始消息", "extra": {"raw_message": "{\"status\":\"ok\",\"retcode\":0,\"data\":{\"message_id\":70996952},\"message\":\"\",\"wording\":\"\",\"echo\":\"\",\"stream\":\"normal-action\"}"}}
{"timestamp": "2026-05-29T20:19:19.653064", "level": "INFO", "message": "收到未知类型消息: unknown", "extra": {"message_type": "unknown", "user_id": "unknown", "group_id": "private", "raw_message": ""}}
{"timestamp": "2026-05-29T20:19:19.653109", "level": "WARNING", "message": "未知消息类型: None"}
{"timestamp": "2026-05-29T20:19:30.901244", "level": "DEBUG", "message": "收到原始消息", "extra": {"raw_message": "{\"time\":1780057170,\"self_id\":3952055354,\"post_type\":\"meta_event\",\"meta_event_type\":\"heartbeat\",\"status\":{\"online\":true,\"good\":true},\"interval\":30000}"}}
{"timestamp": "2026-05-29T20:19:30.901401", "level": "INFO", "message": "收到未知类型消息: unknown", "extra": {"message_type": "unknown", "user_id": "unknown", "group_id": "private", "raw_message": ""}}
{"timestamp": "2026-05-29T20:19:30.901498", "level": "WARNING", "message": "未知消息类型: None"}
{"timestamp": "2026-05-29T20:20:00.903335", "level": "DEBUG", "message": "收到原始消息", "extra": {"raw_message": "{\"time\":1780057200,\"self_id\":3952055354,\"post_type\":\"meta_event\",\"meta_event_type\":\"heartbeat\",\"status\":{\"online\":true,\"good\":true},\"interval\":30000}"}}
{"timestamp": "2026-05-29T20:20:00.903495", "level": "INFO", "message": "收到未知类型消息: unknown", "extra": {"message_type": "unknown", "user_id": "unknown", "group_id": "private", "raw_message": ""}}
{"timestamp": "2026-05-29T20:20:00.903595", "level": "WARNING", "message": "未知消息类型: None"}
{"timestamp": "2026-05-29T20:20:30.904314", "level": "DEBUG", "message": "收到原始消息", "extra": {"raw_message": "{\"time\":1780057230,\"self_id\":3952055354,\"post_type\":\"meta_event\",\"meta_event_type\":\"heartbeat\",\"status\":{\"online\":true,\"good\":true},\"interval\":30000}"}}
{"timestamp": "2026-05-29T20:20:30.904471", "level": "INFO", "message": "收到未知类型消息: unknown", "extra": {"message_type": "unknown", "user_id": "unknown", "group_id": "private", "raw_message": ""}}
{"timestamp": "2026-05-29T20:20:30.904568", "level": "WARNING", "message": "未知消息类型: None"}
{"timestamp": "2026-05-29T20:21:00.906583", "level": "DEBUG", "message": "收到原始消息", "extra": {"raw_message": "{\"time\":1780057260,\"self_id\":3952055354,\"post_type\":\"meta_event\",\"meta_event_type\":\"heartbeat\",\"status\":{\"online\":true,\"good\":true},\"interval\":30000}"}}
{"timestamp": "2026-05-29T20:21:00.906777", "level": "INFO", "message": "收到未知类型消息: unknown", "extra": {"message_type": "unknown", "user_id": "unknown", "group_id": "private", "raw_message": ""}}
{"timestamp": "2026-05-29T20:21:00.906885", "level": "WARNING", "message": "未知消息类型: None"}
{"timestamp": "2026-05-29T20:21:30.907924", "level": "DEBUG", "message": "收到原始消息", "extra": {"raw_message": "{\"time\":1780057290,\"self_id\":3952055354,\"post_type\":\"meta_event\",\"meta_event_type\":\"heartbeat\",\"status\":{\"online\":true,\"good\":true},\"interval\":30000}"}}
{"timestamp": "2026-05-29T20:21:30.908124", "level": "INFO", "message": "收到未知类型消息: unknown", "extra": {"message_type": "unknown", "user_id": "unknown", "group_id": "private", "raw_message": ""}}
{"timestamp": "2026-05-29T20:21:30.908226", "level": "WARNING", "message": "未知消息类型: None"}
